Построение начато 15.11.2023 16:32:43.
     1>Проект "D:\users\22VVV1\9\9\9\9.vcxproj" в узле 2 (целевые объекты build).
     1>PrepareForBuild:
         Создание каталога "D:\users\22VVV1\9\9\Debug\".
       InitializeBuildStatus:
         Создание "Debug\9.unsuccessfulbuild", так как было задано "AlwaysCreate".
       ClCompile:
         C:\Program Files\Microsoft Visual Studio 10.0\VC\bin\CL.exe /c /ZI /nologo /W3 /WX- /Od /Oy- /D _MBCS /Gm /EHsc /RTC1 /MDd /GS /fp:precise /Zc:wchar_t /Zc:forScope /Fo"Debug\\" /Fd"Debug\vc100.pdb" /Gd /TP /analyze- /errorReport:prompt oo.cpp
         oo.cpp
     1>d:\users\22vvv1\9\9\9\oo.cpp(92): warning C4244: аргумент: преобразование "time_t" в "unsigned int", возможна потеря данных
       Link:
         C:\Program Files\Microsoft Visual Studio 10.0\VC\bin\link.exe /ERRORREPORT:PROMPT /OUT:"D:\users\22VVV1\9\9\Debug\9.exe" /NOLOGO kernel32.lib user32.lib gdi32.lib winspool.lib comdlg32.lib advapi32.lib shell32.lib ole32.lib oleaut32.lib uuid.lib odbc32.lib odbccp32.lib /MANIFEST /ManifestFile:"Debug\9.exe.intermediate.manifest" /MANIFESTUAC:"level='asInvoker' uiAccess='false'" /DEBUG /PDB:"D:\users\22VVV1\9\9\Debug\9.pdb" /TLBID:1 /DYNAMICBASE /NXCOMPAT /IMPLIB:"D:\users\22VVV1\9\9\Debug\9.lib" /MACHINE:X86 Debug\oo.obj
         9.vcxproj -> D:\users\22VVV1\9\9\Debug\9.exe
       Manifest:
         C:\Program Files\Microsoft SDKs\Windows\v7.0A\bin\mt.exe /nologo /verbose /outputresource:"D:\users\22VVV1\9\9\Debug\9.exe;#1" /manifest Debug\9.exe.intermediate.manifest
       FinalizeBuildStatus:
         Файл "Debug\9.unsuccessfulbuild" удаляется.
         Обращение к "Debug\9.lastbuildstate".
     1>Построение проекта "D:\users\22VVV1\9\9\9\9.vcxproj" завершено (целевые объекты build).

Построение успешно завершено.

Затраченное время: 00:00:02.90
